2025-10-06 15:03:17,251 : INFO : Start of Prediction
2025-10-06 15:03:17,251 : INFO : run_id:2025-10-06_150317_880901524
2025-10-06 15:03:17,251 : INFO : Start of Preprocessing...
2025-10-06 15:03:17,251 : INFO : Start of feature encoding...
2025-10-06 15:03:17,253 : INFO : End of feature encoding...
2025-10-06 15:03:17,254 : INFO : Start of Droping Columns...
2025-10-06 15:03:17,255 : INFO : End of Droping Columns...
2025-10-06 15:03:17,255 : INFO : Start of finding missing values...
2025-10-06 15:03:17,255 : INFO : End of finding missing values...
2025-10-06 15:03:17,262 : INFO : Start of building final predictset...
2025-10-06 15:03:17,267 : INFO : End of building final predictset...
2025-10-06 15:03:17,267 : INFO : End of Preprocessing...
2025-10-06 15:03:17,268 : INFO : Start of Load Model
2025-10-06 15:03:17,268 : INFO : Model File KMeans loaded
2025-10-06 15:03:17,268 : INFO : End of Load Model
2025-10-06 15:03:17,274 : INFO : clusters loop started
2025-10-06 15:03:17,275 : INFO : Start of finding correct model
2025-10-06 15:03:17,276 : INFO : End of finding correct model
2025-10-06 15:03:17,276 : INFO : Start of Load Model
2025-10-06 15:03:17,276 : INFO : Model File XGBoost1 loaded
2025-10-06 15:03:17,276 : INFO : End of Load Model
2025-10-06 15:03:17,282 : INFO : Shape of Data (1, 9)
2025-10-06 15:03:17,288 : INFO : Shape of Data None
2025-10-06 15:03:17,294 : INFO : Output : [0]
2025-10-06 15:03:17,294 : INFO : End of Prediction
