2025-10-06 14:31:06,617 : INFO : Start of Prediction
2025-10-06 14:31:06,617 : INFO : run_id:2025-10-06_143106_412906704
2025-10-06 14:31:06,617 : INFO : Start of Preprocessing...
2025-10-06 14:31:06,617 : INFO : Start of feature encoding...
2025-10-06 14:31:06,620 : INFO : End of feature encoding...
2025-10-06 14:31:06,621 : INFO : Start of Droping Columns...
2025-10-06 14:31:06,622 : INFO : End of Droping Columns...
2025-10-06 14:31:06,622 : INFO : Start of finding missing values...
2025-10-06 14:31:06,623 : INFO : End of finding missing values...
2025-10-06 14:31:06,623 : INFO : Start of building final predictset...
2025-10-06 14:31:06,629 : INFO : End of building final predictset...
2025-10-06 14:31:06,629 : INFO : End of Preprocessing...
2025-10-06 14:31:06,629 : INFO : Start of Load Model
2025-10-06 14:31:06,629 : INFO : Model File KMeans loaded
2025-10-06 14:31:06,629 : INFO : End of Load Model
2025-10-06 14:31:06,635 : INFO : clusters loop started
2025-10-06 14:31:06,637 : INFO : Start of finding correct model
2025-10-06 14:31:06,638 : INFO : End of finding correct model
2025-10-06 14:31:06,638 : INFO : Start of Load Model
2025-10-06 14:31:06,638 : INFO : Model File XGBoost1 loaded
2025-10-06 14:31:06,638 : INFO : End of Load Model
2025-10-06 14:31:06,645 : INFO : Shape of Data (1, 9)
2025-10-06 14:31:06,652 : INFO : Shape of Data None
2025-10-06 14:31:06,655 : INFO : Output : [1]
2025-10-06 14:31:06,655 : INFO : End of Prediction
