2025-10-06 14:35:38,963 : INFO : Start of Prediction
2025-10-06 14:35:38,963 : INFO : run_id:2025-10-06_143538_545083437
2025-10-06 14:35:38,963 : INFO : Start of Preprocessing...
2025-10-06 14:35:38,964 : INFO : Start of feature encoding...
2025-10-06 14:35:38,967 : INFO : End of feature encoding...
2025-10-06 14:35:38,969 : INFO : Start of Droping Columns...
2025-10-06 14:35:38,970 : INFO : End of Droping Columns...
2025-10-06 14:35:38,970 : INFO : Start of finding missing values...
2025-10-06 14:35:38,971 : INFO : End of finding missing values...
2025-10-06 14:35:38,976 : INFO : Start of building final predictset...
2025-10-06 14:35:38,985 : INFO : End of building final predictset...
2025-10-06 14:35:38,985 : INFO : End of Preprocessing...
2025-10-06 14:35:38,985 : INFO : Start of Load Model
2025-10-06 14:35:38,986 : INFO : Model File KMeans loaded
2025-10-06 14:35:38,986 : INFO : End of Load Model
2025-10-06 14:35:39,206 : INFO : clusters loop started
2025-10-06 14:35:39,208 : INFO : Start of finding correct model
2025-10-06 14:35:39,208 : INFO : End of finding correct model
2025-10-06 14:35:39,208 : INFO : Start of Load Model
2025-10-06 14:35:39,209 : INFO : Model File XGBoost1 loaded
2025-10-06 14:35:39,209 : INFO : End of Load Model
2025-10-06 14:35:39,347 : INFO : Shape of Data (1, 9)
2025-10-06 14:35:39,354 : INFO : Shape of Data None
2025-10-06 14:35:39,358 : INFO : Output : [0]
2025-10-06 14:35:39,358 : INFO : End of Prediction
