2025-10-06 15:12:22,596 : INFO : Start of Prediction
2025-10-06 15:12:22,597 : INFO : run_id:2025-10-06_151222_850123785
2025-10-06 15:12:22,597 : INFO : Start of Preprocessing...
2025-10-06 15:12:22,597 : INFO : Start of feature encoding...
2025-10-06 15:12:22,600 : INFO : End of feature encoding...
2025-10-06 15:12:22,601 : INFO : Start of Droping Columns...
2025-10-06 15:12:22,603 : INFO : End of Droping Columns...
2025-10-06 15:12:22,603 : INFO : Start of finding missing values...
2025-10-06 15:12:22,603 : INFO : End of finding missing values...
2025-10-06 15:12:22,642 : INFO : Start of building final predictset...
2025-10-06 15:12:22,649 : INFO : End of building final predictset...
2025-10-06 15:12:22,649 : INFO : End of Preprocessing...
2025-10-06 15:12:22,649 : INFO : Start of Load Model
2025-10-06 15:12:22,649 : INFO : Model File KMeans loaded
2025-10-06 15:12:22,649 : INFO : End of Load Model
2025-10-06 15:12:22,656 : INFO : clusters loop started
2025-10-06 15:12:22,658 : INFO : Start of finding correct model
2025-10-06 15:12:22,659 : INFO : End of finding correct model
2025-10-06 15:12:22,659 : INFO : Start of Load Model
2025-10-06 15:12:22,659 : INFO : Model File XGBoost1 loaded
2025-10-06 15:12:22,660 : INFO : End of Load Model
2025-10-06 15:12:22,670 : INFO : Shape of Data (1, 9)
2025-10-06 15:12:22,680 : INFO : Shape of Data None
2025-10-06 15:12:22,686 : INFO : Output : [0]
2025-10-06 15:12:22,686 : INFO : End of Prediction
