2025-10-06 14:23:47,495 : INFO : Start of Prediction
2025-10-06 14:23:47,496 : INFO : run_id:2025-10-06_142347_586822164
2025-10-06 14:23:47,496 : INFO : Start of Preprocessing...
2025-10-06 14:23:47,496 : INFO : Start of feature encoding...
2025-10-06 14:23:47,505 : INFO : End of feature encoding...
2025-10-06 14:23:47,506 : INFO : Start of Droping Columns...
2025-10-06 14:23:47,506 : INFO : End of Droping Columns...
2025-10-06 14:23:47,507 : INFO : Start of finding missing values...
2025-10-06 14:23:47,507 : INFO : End of finding missing values...
2025-10-06 14:23:47,513 : INFO : Start of building final predictset...
2025-10-06 14:23:47,520 : INFO : End of building final predictset...
2025-10-06 14:23:47,520 : INFO : End of Preprocessing...
2025-10-06 14:23:47,520 : INFO : Start of Load Model
2025-10-06 14:23:47,520 : INFO : Model File KMeans loaded
2025-10-06 14:23:47,521 : INFO : End of Load Model
2025-10-06 14:23:47,532 : INFO : clusters loop started
2025-10-06 14:23:47,534 : INFO : Start of finding correct model
2025-10-06 14:23:47,534 : INFO : End of finding correct model
2025-10-06 14:23:47,534 : INFO : Start of Load Model
2025-10-06 14:23:47,534 : INFO : Model File XGBoost1 loaded
2025-10-06 14:23:47,534 : INFO : End of Load Model
2025-10-06 14:23:47,544 : INFO : Shape of Data (1, 9)
2025-10-06 14:23:47,551 : INFO : Shape of Data None
2025-10-06 14:23:47,556 : INFO : Output : [1]
2025-10-06 14:23:47,556 : INFO : End of Prediction
