2025-10-06 15:00:15,005 : INFO : Start of Prediction
2025-10-06 15:00:15,005 : INFO : run_id:2025-10-06_150014_217002391
2025-10-06 15:00:15,006 : INFO : Start of Preprocessing...
2025-10-06 15:00:15,006 : INFO : Start of feature encoding...
2025-10-06 15:00:15,012 : INFO : End of feature encoding...
2025-10-06 15:00:15,012 : INFO : Start of Droping Columns...
2025-10-06 15:00:15,013 : INFO : End of Droping Columns...
2025-10-06 15:00:15,014 : INFO : Start of finding missing values...
2025-10-06 15:00:15,016 : INFO : End of finding missing values...
2025-10-06 15:00:15,017 : INFO : Start of building final predictset...
2025-10-06 15:00:15,023 : INFO : End of building final predictset...
2025-10-06 15:00:15,023 : INFO : End of Preprocessing...
2025-10-06 15:00:15,023 : INFO : Start of Load Model
2025-10-06 15:00:15,023 : INFO : Model File KMeans loaded
2025-10-06 15:00:15,023 : INFO : End of Load Model
2025-10-06 15:00:15,027 : INFO : clusters loop started
2025-10-06 15:00:15,029 : INFO : Start of finding correct model
2025-10-06 15:00:15,029 : INFO : End of finding correct model
2025-10-06 15:00:15,029 : INFO : Start of Load Model
2025-10-06 15:00:15,030 : INFO : Model File XGBoost1 loaded
2025-10-06 15:00:15,030 : INFO : End of Load Model
2025-10-06 15:00:15,036 : INFO : Shape of Data (1, 9)
2025-10-06 15:00:15,042 : INFO : Shape of Data None
2025-10-06 15:00:15,046 : INFO : Output : [0]
2025-10-06 15:00:15,047 : INFO : End of Prediction
