2025-10-04 19:09:33,229 : INFO : Start of Prediction
2025-10-04 19:09:33,229 : INFO : run_id:2025-10-04_190933_593570349
2025-10-04 19:09:33,229 : INFO : Start of Preprocessing...
2025-10-04 19:09:33,229 : INFO : Start of feature encoding...
2025-10-04 19:09:33,232 : INFO : End of feature encoding...
2025-10-04 19:09:33,233 : INFO : Start of Droping Columns...
2025-10-04 19:09:33,233 : INFO : End of Droping Columns...
2025-10-04 19:09:33,234 : INFO : Start of finding missing values...
2025-10-04 19:09:33,234 : INFO : End of finding missing values...
2025-10-04 19:09:33,239 : INFO : Start of building final predictset...
2025-10-04 19:09:33,244 : INFO : End of building final predictset...
2025-10-04 19:09:33,244 : INFO : End of Preprocessing...
2025-10-04 19:09:33,244 : INFO : Start of Load Model
2025-10-04 19:09:33,244 : INFO : Model File KMeans loaded
2025-10-04 19:09:33,245 : INFO : End of Load Model
2025-10-04 19:09:33,249 : INFO : clusters loop started
2025-10-04 19:09:33,251 : INFO : Start of finding correct model
2025-10-04 19:09:33,251 : INFO : End of finding correct model
2025-10-04 19:09:33,251 : INFO : Start of Load Model
2025-10-04 19:09:33,251 : INFO : Model File XGBoost1 loaded
2025-10-04 19:09:33,251 : INFO : End of Load Model
2025-10-04 19:09:33,257 : INFO : Shape of Data (1, 9)
2025-10-04 19:09:33,263 : INFO : Shape of Data None
2025-10-04 19:09:33,268 : INFO : Output : [1]
2025-10-04 19:09:33,268 : INFO : End of Prediction
