2025-10-06 15:01:46,048 : INFO : Start of Prediction
2025-10-06 15:01:46,048 : INFO : run_id:2025-10-06_150146_890405092
2025-10-06 15:01:46,048 : INFO : Start of Preprocessing...
2025-10-06 15:01:46,048 : INFO : Start of feature encoding...
2025-10-06 15:01:46,052 : INFO : End of feature encoding...
2025-10-06 15:01:46,053 : INFO : Start of Droping Columns...
2025-10-06 15:01:46,055 : INFO : End of Droping Columns...
2025-10-06 15:01:46,055 : INFO : Start of finding missing values...
2025-10-06 15:01:46,055 : INFO : End of finding missing values...
2025-10-06 15:01:46,062 : INFO : Start of building final predictset...
2025-10-06 15:01:46,068 : INFO : End of building final predictset...
2025-10-06 15:01:46,068 : INFO : End of Preprocessing...
2025-10-06 15:01:46,068 : INFO : Start of Load Model
2025-10-06 15:01:46,068 : INFO : Model File KMeans loaded
2025-10-06 15:01:46,068 : INFO : End of Load Model
2025-10-06 15:01:46,072 : INFO : clusters loop started
2025-10-06 15:01:46,074 : INFO : Start of finding correct model
2025-10-06 15:01:46,074 : INFO : End of finding correct model
2025-10-06 15:01:46,074 : INFO : Start of Load Model
2025-10-06 15:01:46,075 : INFO : Model File XGBoost1 loaded
2025-10-06 15:01:46,075 : INFO : End of Load Model
2025-10-06 15:01:46,081 : INFO : Shape of Data (1, 9)
2025-10-06 15:01:46,090 : INFO : Shape of Data None
2025-10-06 15:01:46,093 : INFO : Output : [1]
2025-10-06 15:01:46,093 : INFO : End of Prediction
