2025-10-06 14:43:52,346 : INFO : Start of Prediction
2025-10-06 14:43:52,346 : INFO : run_id:2025-10-06_144352_245906474
2025-10-06 14:43:52,346 : INFO : Start of Preprocessing...
2025-10-06 14:43:52,346 : INFO : Start of feature encoding...
2025-10-06 14:43:52,353 : INFO : End of feature encoding...
2025-10-06 14:43:52,354 : INFO : Start of Droping Columns...
2025-10-06 14:43:52,356 : INFO : End of Droping Columns...
2025-10-06 14:43:52,356 : INFO : Start of finding missing values...
2025-10-06 14:43:52,357 : INFO : End of finding missing values...
2025-10-06 14:43:52,362 : INFO : Start of building final predictset...
2025-10-06 14:43:52,368 : INFO : End of building final predictset...
2025-10-06 14:43:52,368 : INFO : End of Preprocessing...
2025-10-06 14:43:52,369 : INFO : Start of Load Model
2025-10-06 14:43:52,369 : INFO : Model File KMeans loaded
2025-10-06 14:43:52,369 : INFO : End of Load Model
2025-10-06 14:43:52,584 : INFO : clusters loop started
2025-10-06 14:43:52,587 : INFO : Start of finding correct model
2025-10-06 14:43:52,588 : INFO : End of finding correct model
2025-10-06 14:43:52,588 : INFO : Start of Load Model
2025-10-06 14:43:52,588 : INFO : Model File XGBoost1 loaded
2025-10-06 14:43:52,588 : INFO : End of Load Model
2025-10-06 14:43:52,726 : INFO : Shape of Data (1, 9)
2025-10-06 14:43:52,734 : INFO : Shape of Data None
2025-10-06 14:43:52,739 : INFO : Output : [1]
2025-10-06 14:43:52,739 : INFO : End of Prediction
