2025-10-04 19:29:31,454 : INFO : Start of Prediction
2025-10-04 19:29:31,454 : INFO : run_id:2025-10-04_192931_721106324
2025-10-04 19:29:31,454 : INFO : Start of Preprocessing...
2025-10-04 19:29:31,454 : INFO : Start of feature encoding...
2025-10-04 19:29:31,457 : INFO : End of feature encoding...
2025-10-04 19:29:31,458 : INFO : Start of Droping Columns...
2025-10-04 19:29:31,458 : INFO : End of Droping Columns...
2025-10-04 19:29:31,459 : INFO : Start of finding missing values...
2025-10-04 19:29:31,459 : INFO : End of finding missing values...
2025-10-04 19:29:31,482 : INFO : Start of building final predictset...
2025-10-04 19:29:31,488 : INFO : End of building final predictset...
2025-10-04 19:29:31,488 : INFO : End of Preprocessing...
2025-10-04 19:29:31,488 : INFO : Start of Load Model
2025-10-04 19:29:31,489 : INFO : Model File KMeans loaded
2025-10-04 19:29:31,489 : INFO : End of Load Model
2025-10-04 19:29:31,492 : INFO : clusters loop started
2025-10-04 19:29:31,494 : INFO : Start of finding correct model
2025-10-04 19:29:31,495 : INFO : End of finding correct model
2025-10-04 19:29:31,495 : INFO : Start of Load Model
2025-10-04 19:29:31,495 : INFO : Model File XGBoost1 loaded
2025-10-04 19:29:31,495 : INFO : End of Load Model
2025-10-04 19:29:31,502 : INFO : Shape of Data (1, 9)
2025-10-04 19:29:31,508 : INFO : Shape of Data None
2025-10-04 19:29:31,516 : INFO : Output : [1]
2025-10-04 19:29:31,516 : INFO : End of Prediction
