2025-10-06 12:53:02,981 : INFO : Start of Prediction
2025-10-06 12:53:02,981 : INFO : run_id:2025-10-06_125302_576248799
2025-10-06 12:53:02,981 : INFO : Start of Preprocessing...
2025-10-06 12:53:02,981 : INFO : Start of feature encoding...
2025-10-06 12:53:02,984 : INFO : End of feature encoding...
2025-10-06 12:53:02,985 : INFO : Start of Droping Columns...
2025-10-06 12:53:02,986 : INFO : End of Droping Columns...
2025-10-06 12:53:02,986 : INFO : Start of finding missing values...
2025-10-06 12:53:02,986 : INFO : End of finding missing values...
2025-10-06 12:53:03,024 : INFO : Start of building final predictset...
2025-10-06 12:53:03,051 : INFO : End of building final predictset...
2025-10-06 12:53:03,051 : INFO : End of Preprocessing...
2025-10-06 12:53:03,051 : INFO : Start of Load Model
2025-10-06 12:53:03,052 : INFO : Model File KMeans loaded
2025-10-06 12:53:03,052 : INFO : End of Load Model
2025-10-06 12:53:03,056 : INFO : clusters loop started
2025-10-06 12:53:03,057 : INFO : Start of finding correct model
2025-10-06 12:53:03,058 : INFO : End of finding correct model
2025-10-06 12:53:03,058 : INFO : Start of Load Model
2025-10-06 12:53:03,058 : INFO : Model File XGBoost1 loaded
2025-10-06 12:53:03,058 : INFO : End of Load Model
2025-10-06 12:53:03,072 : INFO : Shape of Data (1, 9)
2025-10-06 12:53:03,083 : INFO : Shape of Data None
2025-10-06 12:53:03,088 : INFO : Output : [1]
2025-10-06 12:53:03,089 : INFO : End of Prediction
