2025-10-06 12:45:10,557 : INFO : Start of Prediction
2025-10-06 12:45:10,557 : INFO : run_id:2025-10-06_124510_647403388
2025-10-06 12:45:10,557 : INFO : Start of Preprocessing...
2025-10-06 12:45:10,558 : INFO : Start of feature encoding...
2025-10-06 12:45:10,562 : INFO : End of feature encoding...
2025-10-06 12:45:10,563 : INFO : Start of Droping Columns...
2025-10-06 12:45:10,564 : INFO : End of Droping Columns...
2025-10-06 12:45:10,564 : INFO : Start of finding missing values...
2025-10-06 12:45:10,565 : INFO : End of finding missing values...
2025-10-06 12:45:10,603 : INFO : Start of building final predictset...
2025-10-06 12:45:10,614 : INFO : End of building final predictset...
2025-10-06 12:45:10,615 : INFO : End of Preprocessing...
2025-10-06 12:45:10,615 : INFO : Start of Load Model
2025-10-06 12:45:10,616 : INFO : Model File KMeans loaded
2025-10-06 12:45:10,616 : INFO : End of Load Model
2025-10-06 12:45:10,625 : INFO : clusters loop started
2025-10-06 12:45:10,630 : INFO : Start of finding correct model
2025-10-06 12:45:10,630 : INFO : End of finding correct model
2025-10-06 12:45:10,630 : INFO : Start of Load Model
2025-10-06 12:45:10,631 : INFO : Model File XGBoost1 loaded
2025-10-06 12:45:10,632 : INFO : End of Load Model
2025-10-06 12:45:10,642 : INFO : Shape of Data (1, 9)
2025-10-06 12:45:10,654 : INFO : Shape of Data None
2025-10-06 12:45:10,659 : INFO : Output : [1]
2025-10-06 12:45:10,659 : INFO : End of Prediction
