2025-10-04 19:10:05,018 : INFO : Start of Prediction
2025-10-04 19:10:05,019 : INFO : run_id:2025-10-04_191005_898973434
2025-10-04 19:10:05,019 : INFO : Start of Preprocessing...
2025-10-04 19:10:05,019 : INFO : Start of feature encoding...
2025-10-04 19:10:05,022 : INFO : End of feature encoding...
2025-10-04 19:10:05,023 : INFO : Start of Droping Columns...
2025-10-04 19:10:05,024 : INFO : End of Droping Columns...
2025-10-04 19:10:05,025 : INFO : Start of finding missing values...
2025-10-04 19:10:05,025 : INFO : End of finding missing values...
2025-10-04 19:10:05,026 : INFO : Start of building final predictset...
2025-10-04 19:10:05,031 : INFO : End of building final predictset...
2025-10-04 19:10:05,031 : INFO : End of Preprocessing...
2025-10-04 19:10:05,031 : INFO : Start of Load Model
2025-10-04 19:10:05,031 : INFO : Model File KMeans loaded
2025-10-04 19:10:05,031 : INFO : End of Load Model
2025-10-04 19:10:05,035 : INFO : clusters loop started
2025-10-04 19:10:05,036 : INFO : Start of finding correct model
2025-10-04 19:10:05,037 : INFO : End of finding correct model
2025-10-04 19:10:05,037 : INFO : Start of Load Model
2025-10-04 19:10:05,037 : INFO : Model File XGBoost1 loaded
2025-10-04 19:10:05,037 : INFO : End of Load Model
2025-10-04 19:10:05,042 : INFO : Shape of Data (1, 9)
2025-10-04 19:10:05,050 : INFO : Shape of Data None
2025-10-04 19:10:05,053 : INFO : Output : [0]
2025-10-04 19:10:05,053 : INFO : End of Prediction
