2025-10-06 12:46:18,147 : INFO : Start of Prediction
2025-10-06 12:46:18,148 : INFO : run_id:2025-10-06_124618_669799171
2025-10-06 12:46:18,148 : INFO : Start of Preprocessing...
2025-10-06 12:46:18,148 : INFO : Start of feature encoding...
2025-10-06 12:46:18,151 : INFO : End of feature encoding...
2025-10-06 12:46:18,152 : INFO : Start of Droping Columns...
2025-10-06 12:46:18,153 : INFO : End of Droping Columns...
2025-10-06 12:46:18,153 : INFO : Start of finding missing values...
2025-10-06 12:46:18,154 : INFO : End of finding missing values...
2025-10-06 12:46:18,162 : INFO : Start of building final predictset...
2025-10-06 12:46:18,170 : INFO : End of building final predictset...
2025-10-06 12:46:18,170 : INFO : End of Preprocessing...
2025-10-06 12:46:18,171 : INFO : Start of Load Model
2025-10-06 12:46:18,171 : INFO : Model File KMeans loaded
2025-10-06 12:46:18,171 : INFO : End of Load Model
2025-10-06 12:46:18,175 : INFO : clusters loop started
2025-10-06 12:46:18,178 : INFO : Start of finding correct model
2025-10-06 12:46:18,179 : INFO : End of finding correct model
2025-10-06 12:46:18,179 : INFO : Start of Load Model
2025-10-06 12:46:18,179 : INFO : Model File XGBoost1 loaded
2025-10-06 12:46:18,179 : INFO : End of Load Model
2025-10-06 12:46:18,185 : INFO : Shape of Data (1, 9)
2025-10-06 12:46:18,192 : INFO : Shape of Data None
2025-10-06 12:46:18,196 : INFO : Output : [1]
2025-10-06 12:46:18,196 : INFO : End of Prediction
