2025-10-04 19:32:18,598 : INFO : Start of Prediction
2025-10-04 19:32:18,598 : INFO : run_id:2025-10-04_193218_458964131
2025-10-04 19:32:18,598 : INFO : Start of Preprocessing...
2025-10-04 19:32:18,598 : INFO : Start of feature encoding...
2025-10-04 19:32:18,601 : INFO : End of feature encoding...
2025-10-04 19:32:18,602 : INFO : Start of Droping Columns...
2025-10-04 19:32:18,603 : INFO : End of Droping Columns...
2025-10-04 19:32:18,603 : INFO : Start of finding missing values...
2025-10-04 19:32:18,604 : INFO : End of finding missing values...
2025-10-04 19:32:18,644 : INFO : Start of building final predictset...
2025-10-04 19:32:18,650 : INFO : End of building final predictset...
2025-10-04 19:32:18,650 : INFO : End of Preprocessing...
2025-10-04 19:32:18,650 : INFO : Start of Load Model
2025-10-04 19:32:18,650 : INFO : Model File KMeans loaded
2025-10-04 19:32:18,650 : INFO : End of Load Model
2025-10-04 19:32:18,656 : INFO : clusters loop started
2025-10-04 19:32:18,657 : INFO : Start of finding correct model
2025-10-04 19:32:18,658 : INFO : End of finding correct model
2025-10-04 19:32:18,658 : INFO : Start of Load Model
2025-10-04 19:32:18,658 : INFO : Model File XGBoost1 loaded
2025-10-04 19:32:18,658 : INFO : End of Load Model
2025-10-04 19:32:18,665 : INFO : Shape of Data (1, 9)
2025-10-04 19:32:18,672 : INFO : Shape of Data None
2025-10-04 19:32:18,676 : INFO : Output : [1]
2025-10-04 19:32:18,676 : INFO : End of Prediction
