2025-10-06 15:02:04,587 : INFO : Start of Prediction
2025-10-06 15:02:04,588 : INFO : run_id:2025-10-06_150204_937624652
2025-10-06 15:02:04,588 : INFO : Start of Preprocessing...
2025-10-06 15:02:04,588 : INFO : Start of feature encoding...
2025-10-06 15:02:04,590 : INFO : End of feature encoding...
2025-10-06 15:02:04,591 : INFO : Start of Droping Columns...
2025-10-06 15:02:04,592 : INFO : End of Droping Columns...
2025-10-06 15:02:04,592 : INFO : Start of finding missing values...
2025-10-06 15:02:04,592 : INFO : End of finding missing values...
2025-10-06 15:02:04,660 : INFO : Start of building final predictset...
2025-10-06 15:02:04,664 : INFO : End of building final predictset...
2025-10-06 15:02:04,665 : INFO : End of Preprocessing...
2025-10-06 15:02:04,665 : INFO : Start of Load Model
2025-10-06 15:02:04,665 : INFO : Model File KMeans loaded
2025-10-06 15:02:04,665 : INFO : End of Load Model
2025-10-06 15:02:04,670 : INFO : clusters loop started
2025-10-06 15:02:04,671 : INFO : Start of finding correct model
2025-10-06 15:02:04,671 : INFO : End of finding correct model
2025-10-06 15:02:04,672 : INFO : Start of Load Model
2025-10-06 15:02:04,672 : INFO : Model File XGBoost1 loaded
2025-10-06 15:02:04,672 : INFO : End of Load Model
2025-10-06 15:02:04,679 : INFO : Shape of Data (1, 9)
2025-10-06 15:02:04,684 : INFO : Shape of Data None
2025-10-06 15:02:04,695 : INFO : Output : [1]
2025-10-06 15:02:04,695 : INFO : End of Prediction
