2025-10-06 12:57:27,807 : INFO : Start of Prediction
2025-10-06 12:57:27,807 : INFO : run_id:2025-10-06_125727_222872858
2025-10-06 12:57:27,808 : INFO : Start of Preprocessing...
2025-10-06 12:57:27,808 : INFO : Start of feature encoding...
2025-10-06 12:57:27,812 : INFO : End of feature encoding...
2025-10-06 12:57:27,814 : INFO : Start of Droping Columns...
2025-10-06 12:57:27,816 : INFO : End of Droping Columns...
2025-10-06 12:57:27,816 : INFO : Start of finding missing values...
2025-10-06 12:57:27,818 : INFO : End of finding missing values...
2025-10-06 12:57:27,818 : INFO : Start of building final predictset...
2025-10-06 12:57:27,827 : INFO : End of building final predictset...
2025-10-06 12:57:27,827 : INFO : End of Preprocessing...
2025-10-06 12:57:27,827 : INFO : Start of Load Model
2025-10-06 12:57:27,827 : INFO : Model File KMeans loaded
2025-10-06 12:57:27,828 : INFO : End of Load Model
2025-10-06 12:57:27,832 : INFO : clusters loop started
2025-10-06 12:57:27,833 : INFO : Start of finding correct model
2025-10-06 12:57:27,834 : INFO : End of finding correct model
2025-10-06 12:57:27,834 : INFO : Start of Load Model
2025-10-06 12:57:27,835 : INFO : Model File XGBoost1 loaded
2025-10-06 12:57:27,835 : INFO : End of Load Model
2025-10-06 12:57:27,843 : INFO : Shape of Data (1, 9)
2025-10-06 12:57:27,851 : INFO : Shape of Data None
2025-10-06 12:57:27,859 : INFO : Output : [1]
2025-10-06 12:57:27,859 : INFO : End of Prediction
