2025-10-04 19:05:42,915 : INFO : Start of Prediction
2025-10-04 19:05:42,915 : INFO : run_id:2025-10-04_190542_868996855
2025-10-04 19:05:42,915 : INFO : Start of Preprocessing...
2025-10-04 19:05:42,915 : INFO : Start of feature encoding...
2025-10-04 19:05:42,918 : INFO : End of feature encoding...
2025-10-04 19:05:42,919 : INFO : Start of Droping Columns...
2025-10-04 19:05:42,919 : INFO : End of Droping Columns...
2025-10-04 19:05:42,919 : INFO : Start of finding missing values...
2025-10-04 19:05:42,920 : INFO : End of finding missing values...
2025-10-04 19:05:42,924 : INFO : Start of building final predictset...
2025-10-04 19:05:42,930 : INFO : End of building final predictset...
2025-10-04 19:05:42,930 : INFO : End of Preprocessing...
2025-10-04 19:05:42,930 : INFO : Start of Load Model
2025-10-04 19:05:42,930 : INFO : Model File KMeans loaded
2025-10-04 19:05:42,930 : INFO : End of Load Model
2025-10-04 19:05:42,934 : INFO : clusters loop started
2025-10-04 19:05:42,936 : INFO : Start of finding correct model
2025-10-04 19:05:42,936 : INFO : End of finding correct model
2025-10-04 19:05:42,936 : INFO : Start of Load Model
2025-10-04 19:05:42,937 : INFO : Model File XGBoost1 loaded
2025-10-04 19:05:42,937 : INFO : End of Load Model
2025-10-04 19:05:42,943 : INFO : Shape of Data (1, 9)
2025-10-04 19:05:42,948 : INFO : Shape of Data None
2025-10-04 19:05:42,952 : INFO : Output : [0]
2025-10-04 19:05:42,952 : INFO : End of Prediction
