2025-10-06 14:58:13,461 : INFO : Start of Prediction
2025-10-06 14:58:13,461 : INFO : run_id:2025-10-06_145813_328538936
2025-10-06 14:58:13,461 : INFO : Start of Preprocessing...
2025-10-06 14:58:13,462 : INFO : Start of feature encoding...
2025-10-06 14:58:13,464 : INFO : End of feature encoding...
2025-10-06 14:58:13,466 : INFO : Start of Droping Columns...
2025-10-06 14:58:13,466 : INFO : End of Droping Columns...
2025-10-06 14:58:13,467 : INFO : Start of finding missing values...
2025-10-06 14:58:13,468 : INFO : End of finding missing values...
2025-10-06 14:58:13,469 : INFO : Start of building final predictset...
2025-10-06 14:58:13,479 : INFO : End of building final predictset...
2025-10-06 14:58:13,479 : INFO : End of Preprocessing...
2025-10-06 14:58:13,479 : INFO : Start of Load Model
2025-10-06 14:58:13,479 : INFO : Model File KMeans loaded
2025-10-06 14:58:13,479 : INFO : End of Load Model
2025-10-06 14:58:13,483 : INFO : clusters loop started
2025-10-06 14:58:13,485 : INFO : Start of finding correct model
2025-10-06 14:58:13,485 : INFO : End of finding correct model
2025-10-06 14:58:13,485 : INFO : Start of Load Model
2025-10-06 14:58:13,486 : INFO : Model File XGBoost1 loaded
2025-10-06 14:58:13,486 : INFO : End of Load Model
2025-10-06 14:58:13,494 : INFO : Shape of Data (1, 9)
2025-10-06 14:58:13,499 : INFO : Shape of Data None
2025-10-06 14:58:13,503 : INFO : Output : [1]
2025-10-06 14:58:13,503 : INFO : End of Prediction
