2025-10-04 19:20:48,659 : INFO : Start of Prediction
2025-10-04 19:20:48,659 : INFO : run_id:2025-10-04_192048_980676335
2025-10-04 19:20:48,659 : INFO : Start of Preprocessing...
2025-10-04 19:20:48,659 : INFO : Start of feature encoding...
2025-10-04 19:20:48,661 : INFO : End of feature encoding...
2025-10-04 19:20:48,662 : INFO : Start of Droping Columns...
2025-10-04 19:20:48,663 : INFO : End of Droping Columns...
2025-10-04 19:20:48,663 : INFO : Start of finding missing values...
2025-10-04 19:20:48,664 : INFO : End of finding missing values...
2025-10-04 19:20:48,670 : INFO : Start of building final predictset...
2025-10-04 19:20:48,675 : INFO : End of building final predictset...
2025-10-04 19:20:48,675 : INFO : End of Preprocessing...
2025-10-04 19:20:48,676 : INFO : Start of Load Model
2025-10-04 19:20:48,676 : INFO : Model File KMeans loaded
2025-10-04 19:20:48,676 : INFO : End of Load Model
2025-10-04 19:20:48,679 : INFO : clusters loop started
2025-10-04 19:20:48,681 : INFO : Start of finding correct model
2025-10-04 19:20:48,681 : INFO : End of finding correct model
2025-10-04 19:20:48,681 : INFO : Start of Load Model
2025-10-04 19:20:48,681 : INFO : Model File XGBoost1 loaded
2025-10-04 19:20:48,681 : INFO : End of Load Model
2025-10-04 19:20:48,686 : INFO : Shape of Data (1, 9)
2025-10-04 19:20:48,692 : INFO : Shape of Data None
2025-10-04 19:20:48,697 : INFO : Output : [0]
2025-10-04 19:20:48,697 : INFO : End of Prediction
