2025-10-06 14:27:38,506 : INFO : Start of Prediction
2025-10-06 14:27:38,506 : INFO : run_id:2025-10-06_142738_361790317
2025-10-06 14:27:38,507 : INFO : Start of Preprocessing...
2025-10-06 14:27:38,507 : INFO : Start of feature encoding...
2025-10-06 14:27:38,509 : INFO : End of feature encoding...
2025-10-06 14:27:38,510 : INFO : Start of Droping Columns...
2025-10-06 14:27:38,511 : INFO : End of Droping Columns...
2025-10-06 14:27:38,511 : INFO : Start of finding missing values...
2025-10-06 14:27:38,512 : INFO : End of finding missing values...
2025-10-06 14:27:38,517 : INFO : Start of building final predictset...
2025-10-06 14:27:38,521 : INFO : End of building final predictset...
2025-10-06 14:27:38,522 : INFO : End of Preprocessing...
2025-10-06 14:27:38,522 : INFO : Start of Load Model
2025-10-06 14:27:38,522 : INFO : Model File KMeans loaded
2025-10-06 14:27:38,522 : INFO : End of Load Model
2025-10-06 14:27:38,526 : INFO : clusters loop started
2025-10-06 14:27:38,528 : INFO : Start of finding correct model
2025-10-06 14:27:38,528 : INFO : End of finding correct model
2025-10-06 14:27:38,528 : INFO : Start of Load Model
2025-10-06 14:27:38,528 : INFO : Model File XGBoost1 loaded
2025-10-06 14:27:38,529 : INFO : End of Load Model
2025-10-06 14:27:38,534 : INFO : Shape of Data (1, 9)
2025-10-06 14:27:38,540 : INFO : Shape of Data None
2025-10-06 14:27:38,544 : INFO : Output : [1]
2025-10-06 14:27:38,544 : INFO : End of Prediction
