2025-10-06 14:47:51,416 : INFO : Start of Prediction
2025-10-06 14:47:51,416 : INFO : run_id:2025-10-06_144751_852816265
2025-10-06 14:47:51,417 : INFO : Start of Preprocessing...
2025-10-06 14:47:51,417 : INFO : Start of feature encoding...
2025-10-06 14:47:51,420 : INFO : End of feature encoding...
2025-10-06 14:47:51,421 : INFO : Start of Droping Columns...
2025-10-06 14:47:51,422 : INFO : End of Droping Columns...
2025-10-06 14:47:51,422 : INFO : Start of finding missing values...
2025-10-06 14:47:51,423 : INFO : End of finding missing values...
2025-10-06 14:47:51,424 : INFO : Start of building final predictset...
2025-10-06 14:47:51,430 : INFO : End of building final predictset...
2025-10-06 14:47:51,431 : INFO : End of Preprocessing...
2025-10-06 14:47:51,431 : INFO : Start of Load Model
2025-10-06 14:47:51,431 : INFO : Model File KMeans loaded
2025-10-06 14:47:51,431 : INFO : End of Load Model
2025-10-06 14:47:51,435 : INFO : clusters loop started
2025-10-06 14:47:51,437 : INFO : Start of finding correct model
2025-10-06 14:47:51,438 : INFO : End of finding correct model
2025-10-06 14:47:51,438 : INFO : Start of Load Model
2025-10-06 14:47:51,438 : INFO : Model File XGBoost1 loaded
2025-10-06 14:47:51,439 : INFO : End of Load Model
2025-10-06 14:47:51,444 : INFO : Shape of Data (1, 9)
2025-10-06 14:47:51,450 : INFO : Shape of Data None
2025-10-06 14:47:51,454 : INFO : Output : [1]
2025-10-06 14:47:51,455 : INFO : End of Prediction
