2025-10-06 14:44:07,900 : INFO : Start of Prediction
2025-10-06 14:44:07,901 : INFO : run_id:2025-10-06_144407_694706931
2025-10-06 14:44:07,901 : INFO : Start of Preprocessing...
2025-10-06 14:44:07,901 : INFO : Start of feature encoding...
2025-10-06 14:44:07,905 : INFO : End of feature encoding...
2025-10-06 14:44:07,906 : INFO : Start of Droping Columns...
2025-10-06 14:44:07,907 : INFO : End of Droping Columns...
2025-10-06 14:44:07,907 : INFO : Start of finding missing values...
2025-10-06 14:44:07,907 : INFO : End of finding missing values...
2025-10-06 14:44:07,908 : INFO : Start of building final predictset...
2025-10-06 14:44:07,915 : INFO : End of building final predictset...
2025-10-06 14:44:07,915 : INFO : End of Preprocessing...
2025-10-06 14:44:07,915 : INFO : Start of Load Model
2025-10-06 14:44:07,916 : INFO : Model File KMeans loaded
2025-10-06 14:44:07,916 : INFO : End of Load Model
2025-10-06 14:44:07,921 : INFO : clusters loop started
2025-10-06 14:44:07,924 : INFO : Start of finding correct model
2025-10-06 14:44:07,925 : INFO : End of finding correct model
2025-10-06 14:44:07,925 : INFO : Start of Load Model
2025-10-06 14:44:07,926 : INFO : Model File XGBoost1 loaded
2025-10-06 14:44:07,927 : INFO : End of Load Model
2025-10-06 14:44:07,933 : INFO : Shape of Data (1, 9)
2025-10-06 14:44:07,943 : INFO : Shape of Data None
2025-10-06 14:44:07,946 : INFO : Output : [1]
2025-10-06 14:44:07,946 : INFO : End of Prediction
