2025-10-06 14:25:50,700 : INFO : Start of Prediction
2025-10-06 14:25:50,700 : INFO : run_id:2025-10-06_142550_709499641
2025-10-06 14:25:50,701 : INFO : Start of Preprocessing...
2025-10-06 14:25:50,701 : INFO : Start of feature encoding...
2025-10-06 14:25:50,704 : INFO : End of feature encoding...
2025-10-06 14:25:50,705 : INFO : Start of Droping Columns...
2025-10-06 14:25:50,706 : INFO : End of Droping Columns...
2025-10-06 14:25:50,706 : INFO : Start of finding missing values...
2025-10-06 14:25:50,707 : INFO : End of finding missing values...
2025-10-06 14:25:50,708 : INFO : Start of building final predictset...
2025-10-06 14:25:50,715 : INFO : End of building final predictset...
2025-10-06 14:25:50,715 : INFO : End of Preprocessing...
2025-10-06 14:25:50,715 : INFO : Start of Load Model
2025-10-06 14:25:50,715 : INFO : Model File KMeans loaded
2025-10-06 14:25:50,715 : INFO : End of Load Model
2025-10-06 14:25:50,928 : INFO : clusters loop started
2025-10-06 14:25:50,929 : INFO : Start of finding correct model
2025-10-06 14:25:50,930 : INFO : End of finding correct model
2025-10-06 14:25:50,930 : INFO : Start of Load Model
2025-10-06 14:25:50,930 : INFO : Model File XGBoost1 loaded
2025-10-06 14:25:50,930 : INFO : End of Load Model
2025-10-06 14:25:51,073 : INFO : Shape of Data (1, 9)
2025-10-06 14:25:51,080 : INFO : Shape of Data None
2025-10-06 14:25:51,084 : INFO : Output : [1]
2025-10-06 14:25:51,084 : INFO : End of Prediction
