2025-10-06 15:04:40,054 : INFO : Start of Prediction
2025-10-06 15:04:40,054 : INFO : run_id:2025-10-06_150440_764727748
2025-10-06 15:04:40,054 : INFO : Start of Preprocessing...
2025-10-06 15:04:40,054 : INFO : Start of feature encoding...
2025-10-06 15:04:40,057 : INFO : End of feature encoding...
2025-10-06 15:04:40,058 : INFO : Start of Droping Columns...
2025-10-06 15:04:40,059 : INFO : End of Droping Columns...
2025-10-06 15:04:40,059 : INFO : Start of finding missing values...
2025-10-06 15:04:40,059 : INFO : End of finding missing values...
2025-10-06 15:04:40,061 : INFO : Start of building final predictset...
2025-10-06 15:04:40,068 : INFO : End of building final predictset...
2025-10-06 15:04:40,068 : INFO : End of Preprocessing...
2025-10-06 15:04:40,068 : INFO : Start of Load Model
2025-10-06 15:04:40,068 : INFO : Model File KMeans loaded
2025-10-06 15:04:40,068 : INFO : End of Load Model
2025-10-06 15:04:40,072 : INFO : clusters loop started
2025-10-06 15:04:40,074 : INFO : Start of finding correct model
2025-10-06 15:04:40,074 : INFO : End of finding correct model
2025-10-06 15:04:40,074 : INFO : Start of Load Model
2025-10-06 15:04:40,075 : INFO : Model File XGBoost1 loaded
2025-10-06 15:04:40,075 : INFO : End of Load Model
2025-10-06 15:04:40,082 : INFO : Shape of Data (1, 9)
2025-10-06 15:04:40,087 : INFO : Shape of Data None
2025-10-06 15:04:40,092 : INFO : Output : [0]
2025-10-06 15:04:40,092 : INFO : End of Prediction
