2025-10-04 18:38:56,750 : INFO : Start of Prediction
2025-10-04 18:38:56,750 : INFO : run_id:2025-10-04_183856_179830157
2025-10-04 18:38:56,750 : INFO : Start of Preprocessing...
2025-10-04 18:38:56,750 : INFO : Start of feature encoding...
2025-10-04 18:38:56,753 : INFO : End of feature encoding...
2025-10-04 18:38:56,754 : INFO : Start of Droping Columns...
2025-10-04 18:38:56,755 : INFO : End of Droping Columns...
2025-10-04 18:38:56,755 : INFO : Start of finding missing values...
2025-10-04 18:38:56,756 : INFO : End of finding missing values...
2025-10-04 18:38:56,756 : INFO : Start of building final predictset...
2025-10-04 18:38:56,782 : INFO : End of building final predictset...
2025-10-04 18:38:56,782 : INFO : End of Preprocessing...
2025-10-04 18:38:56,782 : INFO : Start of Load Model
2025-10-04 18:38:56,791 : INFO : Model File KMeans loaded
2025-10-04 18:38:56,791 : INFO : End of Load Model
2025-10-04 18:38:56,899 : INFO : clusters loop started
2025-10-04 18:38:56,901 : INFO : Start of finding correct model
2025-10-04 18:38:56,901 : INFO : End of finding correct model
2025-10-04 18:38:56,901 : INFO : Start of Load Model
2025-10-04 18:38:56,914 : INFO : Model File XGBoost1 loaded
2025-10-04 18:38:56,914 : INFO : End of Load Model
2025-10-04 18:38:57,041 : INFO : Shape of Data (1, 9)
2025-10-04 18:38:57,045 : INFO : Shape of Data None
2025-10-04 18:38:57,048 : INFO : Output : [1]
2025-10-04 18:38:57,048 : INFO : End of Prediction
