2025-10-04 18:23:29,160 : INFO : Start of Prediction
2025-10-04 18:23:29,160 : INFO : run_id:2025-10-04_182329_790169320
2025-10-04 18:23:29,160 : INFO : Start of Data Load, validation and transformation
2025-10-04 18:23:29,160 : INFO : Start of Archiving Old Rejected Files...
2025-10-04 18:23:29,162 : INFO : End of Archiving Old Rejected Files...
2025-10-04 18:23:29,162 : INFO : Start of Archiving Old Validated Files...
2025-10-04 18:23:29,163 : INFO : End of Archiving Old Validated Files...
2025-10-04 18:23:29,163 : INFO : Start of Archiving Old Processed Files...
2025-10-04 18:23:29,171 : INFO : End of Archiving Old Processed Files...
2025-10-04 18:23:29,171 : INFO : Start of Archiving Old Result Files...
2025-10-04 18:23:29,173 : INFO : End of Archiving Old Result Files...
2025-10-04 18:23:29,173 : INFO : Start of Reading values From Schema...
2025-10-04 18:23:29,185 : INFO : End of Reading values From Schema...
2025-10-04 18:23:29,186 : INFO : Start of Validating Column Length...
2025-10-04 18:23:29,192 : INFO : End of Validating Column Length...
2025-10-04 18:23:29,192 : INFO : Start of Validating Missing Values...
2025-10-04 18:23:29,194 : INFO : End of Validating Missing Values...
2025-10-04 18:23:29,195 : INFO : Start of Replacing Missing Values with NULL...
2025-10-04 18:23:29,199 : INFO : hr_employee_churn_data_predict3.csv: File Transformed successfully!!
2025-10-04 18:23:29,199 : INFO : End of Replacing Missing Values with NULL...
2025-10-04 18:23:29,200 : INFO : Start of Creating Table...
2025-10-04 18:23:29,200 : INFO : Opened prediction database successfully
2025-10-04 18:23:29,209 : INFO : CREATE TABLE prediction_raw_data_t column_name
2025-10-04 18:23:29,214 : INFO : ALTER TABLE prediction_raw_data_t ADD COLUMN
2025-10-04 18:23:29,220 : INFO : ALTER TABLE prediction_raw_data_t ADD COLUMN
2025-10-04 18:23:29,226 : INFO : ALTER TABLE prediction_raw_data_t ADD COLUMN
2025-10-04 18:23:29,231 : INFO : ALTER TABLE prediction_raw_data_t ADD COLUMN
2025-10-04 18:23:29,236 : INFO : ALTER TABLE prediction_raw_data_t ADD COLUMN
2025-10-04 18:23:29,242 : INFO : ALTER TABLE prediction_raw_data_t ADD COLUMN
2025-10-04 18:23:29,247 : INFO : ALTER TABLE prediction_raw_data_t ADD COLUMN
2025-10-04 18:23:29,253 : INFO : ALTER TABLE prediction_raw_data_t ADD COLUMN
2025-10-04 18:23:29,253 : INFO : End of Creating Table...
2025-10-04 18:23:29,255 : INFO : Opened prediction database successfully
2025-10-04 18:23:29,255 : INFO : Start of Inserting Data into Table...
2025-10-04 18:23:29,276 : INFO : End of Inserting Data into Table...
2025-10-04 18:23:29,277 : INFO : Start of Exporting Data into CSV...
2025-10-04 18:23:29,278 : INFO : Opened prediction database successfully
2025-10-04 18:23:29,280 : INFO : End of Exporting Data into CSV...
2025-10-04 18:23:29,280 : INFO : Start of Moving Processed Files...
2025-10-04 18:23:29,283 : INFO : Moved the already processed file hr_employee_churn_data_predict3.csv
2025-10-04 18:23:29,283 : INFO : End of Moving Processed Files...
2025-10-04 18:23:29,283 : INFO : End of Data Load, validation and transformation
2025-10-04 18:23:29,283 : INFO : Start of Preprocessing...
2025-10-04 18:23:29,283 : INFO : Start of reading dataset...
2025-10-04 18:23:29,298 : INFO : End of reading dataset...
2025-10-04 18:23:29,298 : INFO : Start of feature encoding...
2025-10-04 18:23:29,300 : INFO : End of feature encoding...
2025-10-04 18:23:29,300 : INFO : Start of Droping Columns...
2025-10-04 18:23:29,301 : INFO : End of Droping Columns...
2025-10-04 18:23:29,301 : INFO : Start of finding missing values...
2025-10-04 18:23:29,301 : INFO : End of finding missing values...
2025-10-04 18:23:29,301 : INFO : Start of building final predictset...
2025-10-04 18:23:29,306 : INFO : End of building final predictset...
2025-10-04 18:23:29,306 : INFO : End of Preprocessing...
2025-10-04 18:23:29,306 : INFO : Start of Load Model
2025-10-04 18:23:29,321 : INFO : Model File KMeans loaded
2025-10-04 18:23:29,321 : INFO : End of Load Model
2025-10-04 18:23:29,436 : INFO : clusters loop started
2025-10-04 18:23:29,438 : INFO : Start of finding correct model
2025-10-04 18:23:29,438 : INFO : End of finding correct model
2025-10-04 18:23:29,438 : INFO : Start of Load Model
2025-10-04 18:23:29,452 : INFO : Model File XGBoost1 loaded
2025-10-04 18:23:29,452 : INFO : End of Load Model
2025-10-04 18:23:29,552 : INFO : clusters loop started
2025-10-04 18:23:29,553 : INFO : Start of finding correct model
2025-10-04 18:23:29,554 : INFO : End of finding correct model
2025-10-04 18:23:29,554 : INFO : Start of Load Model
2025-10-04 18:23:29,564 : INFO : Model File XGBoost2 loaded
2025-10-04 18:23:29,564 : INFO : End of Load Model
2025-10-04 18:23:29,580 : INFO : End of Prediction
