2025-10-06 14:24:19,685 : INFO : Start of Prediction
2025-10-06 14:24:19,685 : INFO : run_id:2025-10-06_142419_184301333
2025-10-06 14:24:19,685 : INFO : Start of Preprocessing...
2025-10-06 14:24:19,685 : INFO : Start of feature encoding...
2025-10-06 14:24:19,688 : INFO : End of feature encoding...
2025-10-06 14:24:19,689 : INFO : Start of Droping Columns...
2025-10-06 14:24:19,689 : INFO : End of Droping Columns...
2025-10-06 14:24:19,689 : INFO : Start of finding missing values...
2025-10-06 14:24:19,690 : INFO : End of finding missing values...
2025-10-06 14:24:19,691 : INFO : Start of building final predictset...
2025-10-06 14:24:19,696 : INFO : End of building final predictset...
2025-10-06 14:24:19,697 : INFO : End of Preprocessing...
2025-10-06 14:24:19,697 : INFO : Start of Load Model
2025-10-06 14:24:19,698 : INFO : Model File KMeans loaded
2025-10-06 14:24:19,698 : INFO : End of Load Model
2025-10-06 14:24:19,706 : INFO : clusters loop started
2025-10-06 14:24:19,711 : INFO : Start of finding correct model
2025-10-06 14:24:19,713 : INFO : End of finding correct model
2025-10-06 14:24:19,713 : INFO : Start of Load Model
2025-10-06 14:24:19,713 : INFO : Model File XGBoost1 loaded
2025-10-06 14:24:19,713 : INFO : End of Load Model
2025-10-06 14:24:19,720 : INFO : Shape of Data (1, 9)
2025-10-06 14:24:19,729 : INFO : Shape of Data None
2025-10-06 14:24:19,737 : INFO : Output : [1]
2025-10-06 14:24:19,737 : INFO : End of Prediction
