2025-10-06 12:53:49,782 : INFO : Start of Prediction
2025-10-06 12:53:49,783 : INFO : run_id:2025-10-06_125349_494501471
2025-10-06 12:53:49,783 : INFO : Start of Preprocessing...
2025-10-06 12:53:49,783 : INFO : Start of feature encoding...
2025-10-06 12:53:49,787 : INFO : End of feature encoding...
2025-10-06 12:53:49,788 : INFO : Start of Droping Columns...
2025-10-06 12:53:49,789 : INFO : End of Droping Columns...
2025-10-06 12:53:49,790 : INFO : Start of finding missing values...
2025-10-06 12:53:49,790 : INFO : End of finding missing values...
2025-10-06 12:53:49,809 : INFO : Start of building final predictset...
2025-10-06 12:53:49,816 : INFO : End of building final predictset...
2025-10-06 12:53:49,816 : INFO : End of Preprocessing...
2025-10-06 12:53:49,816 : INFO : Start of Load Model
2025-10-06 12:53:49,816 : INFO : Model File KMeans loaded
2025-10-06 12:53:49,818 : INFO : End of Load Model
2025-10-06 12:53:49,827 : INFO : clusters loop started
2025-10-06 12:53:49,831 : INFO : Start of finding correct model
2025-10-06 12:53:49,832 : INFO : End of finding correct model
2025-10-06 12:53:49,832 : INFO : Start of Load Model
2025-10-06 12:53:49,836 : INFO : Model File XGBoost1 loaded
2025-10-06 12:53:49,837 : INFO : End of Load Model
2025-10-06 12:53:49,846 : INFO : Shape of Data (1, 9)
2025-10-06 12:53:49,860 : INFO : Shape of Data None
2025-10-06 12:53:49,863 : INFO : Output : [1]
2025-10-06 12:53:49,863 : INFO : End of Prediction
