2025-10-04 19:29:04,886 : INFO : Start of Prediction
2025-10-04 19:29:04,886 : INFO : run_id:2025-10-04_192904_543704880
2025-10-04 19:29:04,886 : INFO : Start of Preprocessing...
2025-10-04 19:29:04,886 : INFO : Start of feature encoding...
2025-10-04 19:29:04,890 : INFO : End of feature encoding...
2025-10-04 19:29:04,891 : INFO : Start of Droping Columns...
2025-10-04 19:29:04,892 : INFO : End of Droping Columns...
2025-10-04 19:29:04,892 : INFO : Start of finding missing values...
2025-10-04 19:29:04,893 : INFO : End of finding missing values...
2025-10-04 19:29:04,931 : INFO : Start of building final predictset...
2025-10-04 19:29:04,937 : INFO : End of building final predictset...
2025-10-04 19:29:04,937 : INFO : End of Preprocessing...
2025-10-04 19:29:04,937 : INFO : Start of Load Model
2025-10-04 19:29:04,938 : INFO : Model File KMeans loaded
2025-10-04 19:29:04,938 : INFO : End of Load Model
2025-10-04 19:29:05,136 : INFO : clusters loop started
2025-10-04 19:29:05,138 : INFO : Start of finding correct model
2025-10-04 19:29:05,138 : INFO : End of finding correct model
2025-10-04 19:29:05,138 : INFO : Start of Load Model
2025-10-04 19:29:05,138 : INFO : Model File XGBoost1 loaded
2025-10-04 19:29:05,139 : INFO : End of Load Model
2025-10-04 19:29:05,345 : INFO : Shape of Data (1, 9)
2025-10-04 19:29:05,353 : INFO : Shape of Data None
2025-10-04 19:29:05,360 : INFO : Output : [0]
2025-10-04 19:29:05,360 : INFO : End of Prediction
