2025-10-06 20:06:15,541 : INFO : Start of Prediction
2025-10-06 20:06:15,541 : INFO : run_id:2025-10-06_200615_742881968
2025-10-06 20:06:15,541 : INFO : Start of Preprocessing...
2025-10-06 20:06:15,541 : INFO : Start of feature encoding...
2025-10-06 20:06:15,549 : INFO : End of feature encoding...
2025-10-06 20:06:15,551 : INFO : Start of Droping Columns...
2025-10-06 20:06:15,552 : INFO : End of Droping Columns...
2025-10-06 20:06:15,552 : INFO : Start of finding missing values...
2025-10-06 20:06:15,553 : INFO : End of finding missing values...
2025-10-06 20:06:15,553 : INFO : Start of building final predictset...
2025-10-06 20:06:15,570 : INFO : End of building final predictset...
2025-10-06 20:06:15,570 : INFO : End of Preprocessing...
2025-10-06 20:06:15,570 : INFO : Start of Load Model
2025-10-06 20:06:15,581 : INFO : Model File KMeans loaded
2025-10-06 20:06:15,581 : INFO : End of Load Model
2025-10-06 20:06:15,794 : INFO : clusters loop started
2025-10-06 20:06:15,796 : INFO : Start of finding correct model
2025-10-06 20:06:15,796 : INFO : End of finding correct model
2025-10-06 20:06:15,796 : INFO : Start of Load Model
2025-10-06 20:06:15,812 : INFO : Model File XGBoost1 loaded
2025-10-06 20:06:15,813 : INFO : End of Load Model
2025-10-06 20:06:16,066 : INFO : Shape of Data (1, 9)
2025-10-06 20:06:16,073 : INFO : Shape of Data None
2025-10-06 20:06:16,079 : INFO : Output : [0]
2025-10-06 20:06:16,080 : INFO : End of Prediction
