2025-10-06 12:44:07,928 : INFO : Start of Prediction
2025-10-06 12:44:07,932 : INFO : run_id:2025-10-06_124407_985062755
2025-10-06 12:44:07,933 : INFO : Start of Preprocessing...
2025-10-06 12:44:07,933 : INFO : Start of feature encoding...
2025-10-06 12:44:07,947 : INFO : End of feature encoding...
2025-10-06 12:44:07,948 : INFO : Start of Droping Columns...
2025-10-06 12:44:07,949 : INFO : End of Droping Columns...
2025-10-06 12:44:07,949 : INFO : Start of finding missing values...
2025-10-06 12:44:07,951 : INFO : End of finding missing values...
2025-10-06 12:44:07,951 : INFO : Start of building final predictset...
2025-10-06 12:44:07,971 : INFO : End of building final predictset...
2025-10-06 12:44:07,971 : INFO : End of Preprocessing...
2025-10-06 12:44:07,971 : INFO : Start of Load Model
2025-10-06 12:44:07,987 : INFO : Model File KMeans loaded
2025-10-06 12:44:07,987 : INFO : End of Load Model
2025-10-06 12:44:08,265 : INFO : clusters loop started
2025-10-06 12:44:08,267 : INFO : Start of finding correct model
2025-10-06 12:44:08,267 : INFO : End of finding correct model
2025-10-06 12:44:08,268 : INFO : Start of Load Model
2025-10-06 12:44:08,286 : INFO : Model File XGBoost1 loaded
2025-10-06 12:44:08,286 : INFO : End of Load Model
2025-10-06 12:44:08,631 : INFO : Shape of Data (1, 9)
2025-10-06 12:44:08,644 : INFO : Shape of Data None
2025-10-06 12:44:08,655 : INFO : Output : [1]
2025-10-06 12:44:08,655 : INFO : End of Prediction
