2025-10-04 18:09:31,042 : INFO : Start of Training
2025-10-04 18:09:31,042 : INFO : Run_id:2025-10-04_180931_655513009
2025-10-04 18:09:31,042 : INFO : Start of Data Load, validation and transformation
2025-10-04 18:09:31,042 : INFO : Start of Archiving Old Rejected Files...
2025-10-04 18:09:31,042 : INFO : End of Archiving Old Rejected Files...
2025-10-04 18:09:31,042 : INFO : Start of Archiving Old Validated Files...
2025-10-04 18:09:31,042 : INFO : End of Archiving Old Validated Files...
2025-10-04 18:09:31,042 : INFO : Start of Archiving Old Processed Files...
2025-10-04 18:09:31,044 : INFO : End of Archiving Old Processed Files...
2025-10-04 18:09:31,044 : INFO : Start of Archiving Old Result Files...
2025-10-04 18:09:31,044 : INFO : End of Archiving Old Result Files...
2025-10-04 18:09:31,044 : INFO : Start of Reading values From Schema...
2025-10-04 18:09:31,044 : INFO : End of Reading values From Schema...
2025-10-04 18:09:31,044 : INFO : Start of Validating Column Length...
2025-10-04 18:09:31,055 : INFO : End of Validating Column Length...
2025-10-04 18:09:31,055 : INFO : Start of Validating Missing Values...
2025-10-04 18:09:31,065 : INFO : End of Validating Missing Values...
2025-10-04 18:09:31,065 : INFO : Start of Replacing Missing Values with NULL...
2025-10-04 18:09:31,113 : INFO : hr_employee_churn_data (1).csv: File Transformed successfully!!
2025-10-04 18:09:31,113 : INFO : End of Replacing Missing Values with NULL...
2025-10-04 18:09:31,113 : INFO : Start of Creating Table...
2025-10-04 18:09:31,114 : INFO : Opened training database successfully
2025-10-04 18:09:31,114 : INFO : Tables created successfully
2025-10-04 18:09:31,114 : INFO : Closed training database successfully
2025-10-04 18:09:31,114 : INFO : End of Creating Table...
2025-10-04 18:09:31,115 : INFO : Opened training database successfully
2025-10-04 18:09:31,115 : INFO : Start of Inserting Data into Table...
2025-10-04 18:11:00,525 : INFO : End of Inserting Data into Table...
2025-10-04 18:11:00,525 : INFO : Start of Exporting Data into CSV...
2025-10-04 18:11:00,526 : INFO : Opened training database successfully
2025-10-04 18:11:00,655 : INFO : End of Exporting Data into CSV...
2025-10-04 18:11:00,659 : INFO : Start of Moving Processed Files...
2025-10-04 18:11:00,659 : INFO : Moved the already processed file hr_employee_churn_data (1).csv
2025-10-04 18:11:00,659 : INFO : End of Moving Processed Files...
2025-10-04 18:11:00,660 : INFO : End of Data Load, validation and transformation
2025-10-04 18:11:00,660 : INFO : Start of Preprocessing...
2025-10-04 18:11:00,660 : INFO : Start of reading dataset...
2025-10-04 18:11:00,700 : INFO : End of reading dataset...
2025-10-04 18:11:00,700 : INFO : Start of Droping Columns...
2025-10-04 18:11:00,702 : INFO : End of Droping Columns...
2025-10-04 18:11:00,702 : INFO : Start of feature encoding...
2025-10-04 18:11:00,706 : INFO : End of feature encoding...
2025-10-04 18:11:00,708 : INFO : Start of Droping Columns...
2025-10-04 18:11:00,709 : INFO : End of Droping Columns...
2025-10-04 18:11:00,709 : INFO : Start of finding missing values...
2025-10-04 18:11:00,714 : INFO : End of finding missing values...
2025-10-04 18:11:00,714 : INFO : Start of imputing missing values...
2025-10-04 18:11:00,754 : INFO : End of imputing missing values...
2025-10-04 18:11:00,754 : INFO : Start of splitting features and label ...
2025-10-04 18:11:00,756 : INFO : End of splitting features and label ...
2025-10-04 18:11:00,756 : INFO : End of Preprocessing...
2025-10-04 18:11:00,757 : INFO : Start of elbow plotting...
2025-10-04 18:11:02,908 : INFO : The optimum number of clusters is: 3
2025-10-04 18:11:02,908 : INFO : End of elbow plotting...
2025-10-04 18:11:02,908 : INFO : Start of Create clusters...
2025-10-04 18:11:02,930 : INFO : Start of Save Models
2025-10-04 18:11:02,930 : INFO : Start of Save Models
2025-10-04 18:11:02,931 : INFO : Model File KMeans saved
2025-10-04 18:11:02,931 : INFO : Model File KMeans saved
2025-10-04 18:11:02,931 : INFO : End of Save Models
2025-10-04 18:11:02,931 : INFO : End of Save Models
2025-10-04 18:11:02,932 : INFO : succesfully created 3clusters.
2025-10-04 18:11:02,932 : INFO : End of Create clusters...
2025-10-04 18:11:02,938 : INFO : Start of finding best model...
2025-10-04 18:11:02,938 : INFO : Start of finding best params for XGBoost algo...
2025-10-04 18:11:22,406 : INFO : XGBoost best params: {'learning_rate': 0.5, 'max_depth': 20, 'n_estimators': 50}
2025-10-04 18:11:22,406 : INFO : End of finding best params for XGBoost algo...
2025-10-04 18:11:22,411 : INFO : AUC for XGBoost:1.0
2025-10-04 18:11:22,411 : INFO : Start of finding best params for randomforest algo...
2025-10-04 18:11:37,913 : INFO : Random Forest best params: {'criterion': 'entropy', 'max_depth': 3, 'max_features': 'log2', 'n_estimators': 130}
2025-10-04 18:11:37,913 : INFO : End of finding best params for randomforest algo...
2025-10-04 18:11:37,930 : INFO : AUC for XGBoost:0.9703198115172074
2025-10-04 18:11:37,930 : INFO : End of finding best model...
2025-10-04 18:11:37,930 : INFO : Start of Save Models
2025-10-04 18:11:37,930 : INFO : Start of Save Models
2025-10-04 18:11:37,940 : INFO : Model File XGBoost1 saved
2025-10-04 18:11:37,940 : INFO : Model File XGBoost1 saved
2025-10-04 18:11:37,940 : INFO : End of Save Models
2025-10-04 18:11:37,940 : INFO : End of Save Models
2025-10-04 18:11:37,945 : INFO : Start of finding best model...
2025-10-04 18:11:37,945 : INFO : Start of finding best params for XGBoost algo...
2025-10-04 18:11:56,434 : INFO : XGBoost best params: {'learning_rate': 0.5, 'max_depth': 10, 'n_estimators': 50}
2025-10-04 18:11:56,434 : INFO : End of finding best params for XGBoost algo...
2025-10-04 18:11:56,439 : INFO : AUC for XGBoost:1.0
2025-10-04 18:11:56,439 : INFO : Start of finding best params for randomforest algo...
2025-10-04 18:12:10,695 : INFO : Random Forest best params: {'criterion': 'gini', 'max_depth': 3, 'max_features': 'log2', 'n_estimators': 130}
2025-10-04 18:12:10,695 : INFO : End of finding best params for randomforest algo...
2025-10-04 18:12:10,710 : INFO : AUC for XGBoost:0.9495765938371222
2025-10-04 18:12:10,710 : INFO : End of finding best model...
2025-10-04 18:12:10,710 : INFO : Start of Save Models
2025-10-04 18:12:10,710 : INFO : Start of Save Models
2025-10-04 18:12:10,712 : INFO : Model File XGBoost2 saved
2025-10-04 18:12:10,712 : INFO : Model File XGBoost2 saved
2025-10-04 18:12:10,713 : INFO : End of Save Models
2025-10-04 18:12:10,713 : INFO : End of Save Models
2025-10-04 18:12:10,716 : INFO : Start of finding best model...
2025-10-04 18:12:10,717 : INFO : Start of finding best params for XGBoost algo...
2025-10-04 18:12:28,782 : INFO : XGBoost best params: {'learning_rate': 0.5, 'max_depth': 5, 'n_estimators': 100}
2025-10-04 18:12:28,783 : INFO : End of finding best params for XGBoost algo...
2025-10-04 18:12:28,787 : INFO : AUC for XGBoost:1.0
2025-10-04 18:12:28,787 : INFO : Start of finding best params for randomforest algo...
2025-10-04 18:12:42,924 : INFO : Random Forest best params: {'criterion': 'entropy', 'max_depth': 3, 'max_features': 'log2', 'n_estimators': 50}
2025-10-04 18:12:42,924 : INFO : End of finding best params for randomforest algo...
2025-10-04 18:12:42,931 : INFO : AUC for XGBoost:0.8329271962952535
2025-10-04 18:12:42,931 : INFO : End of finding best model...
2025-10-04 18:12:42,931 : INFO : Start of Save Models
2025-10-04 18:12:42,931 : INFO : Start of Save Models
2025-10-04 18:12:42,934 : INFO : Model File XGBoost0 saved
2025-10-04 18:12:42,934 : INFO : Model File XGBoost0 saved
2025-10-04 18:12:42,934 : INFO : End of Save Models
2025-10-04 18:12:42,934 : INFO : End of Save Models
2025-10-04 18:12:42,934 : INFO : End of Training
